<?xml version="1.0" encoding="utf-8"?><testsuites name="pytest tests"><testsuite name="pytest" errors="0" failures="0" skipped="0" tests="100" time="10.975" timestamp="2026-09-18T20:50:15.762067+05:30" hostname="EDGE"><testcase classname="tests.test_ingestion.TestSignalIngestion" name="test_tc_ing_001_parse_float32_iq" time="0.034" /><testcase classname="tests.test_ingestion.TestSignalIngestion" name="test_tc_ing_002_parse_int16_iq" time="0.022" /><testcase classname="tests.test_ingestion.TestSignalIngestion" name="test_tc_ing_003_parse_int8_iq" time="0.008" /><testcase classname="tests.test_ingestion.TestSignalIngestion" name="test_tc_ing_004_parse_mono_wav" time="0.022" /><testcase classname="tests.test_ingestion.TestSignalIngestion" name="test_tc_ing_005_parse_multi_channel_wav" time="0.020" /><testcase classname="tests.test_ingestion.TestSignalIngestion" name="test_tc_ing_006_handle_endianness" time="0.229" /><testcase classname="tests.test_ingestion.TestSignalIngestion" name="test_tc_ing_007_detect_odd_sample_count" time="0.010" /><testcase classname="tests.test_ingestion.TestSignalIngestion" name="test_tc_ing_008_reject_unsupported_extension" time="0.009" /><testcase classname="tests.test_ingestion.TestSignalIngestion" name="test_tc_ing_009_handle_empty_file" time="0.009" /><testcase classname="tests.test_ingestion.TestSignalIngestion" name="test_tc_ing_010_detect_truncated_payload" time="0.010" /><testcase classname="tests.test_ingestion.TestSignalIngestion" name="test_tc_ing_011_detect_corrupt_wav_header" time="0.029" /><testcase classname="tests.test_ingestion.TestSignalIngestion" name="test_tc_ing_012_use_iq_metadata_sidecar" time="0.038" /><testcase classname="tests.test_ingestion.TestSignalIngestion" name="test_tc_ing_013_handle_missing_optional_metadata" time="0.013" /><testcase classname="tests.test_ingestion.TestSignalIngestion" name="test_tc_ing_014_ingest_large_file_memmap" time="0.045" /><testcase classname="tests.test_ingestion.TestSignalIngestion" name="test_tc_ing_015_streaming_chunked_processing" time="0.027" /><testcase classname="tests.test_preprocessor.TestSignalPreprocessor" name="test_tc_pre_001_dc_offset_removal" time="0.016" /><testcase classname="tests.test_preprocessor.TestSignalPreprocessor" name="test_tc_pre_002_iq_imbalance_correction" time="0.014" /><testcase classname="tests.test_preprocessor.TestSignalPreprocessor" name="test_tc_pre_003_sample_rate_normalization" time="0.034" /><testcase classname="tests.test_preprocessor.TestSignalPreprocessor" name="test_tc_pre_004_clipping_detection" time="0.002" /><testcase classname="tests.test_preprocessor.TestSignalPreprocessor" name="test_tc_pre_005_snr_estimation" time="0.019" /><testcase classname="tests.test_preprocessor.TestSignalPreprocessor" name="test_tc_pre_006_windowing_consistency" time="0.002" /><testcase classname="tests.test_preprocessor.TestSignalPreprocessor" name="test_tc_pre_007_normalization_by_power" time="0.003" /><testcase classname="tests.test_preprocessor.TestSignalPreprocessor" name="test_tc_pre_008_filter_artifact_inspection" time="0.010" /><testcase classname="tests.test_parameters.TestParameterExtraction" name="test_tc_par_001_sampling_rate_estimation" time="0.002" /><testcase classname="tests.test_parameters.TestParameterExtraction" name="test_tc_par_002_symbol_rate_detection" time="0.020" /><testcase classname="tests.test_parameters.TestParameterExtraction" name="test_tc_par_003_bandwidth_measurement" time="0.006" /><testcase classname="tests.test_parameters.TestParameterExtraction" name="test_tc_par_004_center_frequency_estimation" time="0.010" /><testcase classname="tests.test_parameters.TestParameterExtraction" name="test_tc_par_005_snr_noise_estimation" time="0.006" /><testcase classname="tests.test_parameters.TestParameterExtraction" name="test_tc_par_006_papr_measurement" time="0.003" /><testcase classname="tests.test_parameters.TestParameterExtraction" name="test_tc_par_007_frequency_offset_detection" time="0.005" /><testcase classname="tests.test_parameters.TestParameterExtraction" name="test_tc_par_008_envelope_analysis" time="0.002" /><testcase classname="tests.test_parameters.TestParameterExtraction" name="test_tc_par_009_spectral_flatness" time="0.019" /><testcase classname="tests.test_parameters.TestParameterExtraction" name="test_tc_par_010_crest_factor_measurement" time="0.010" /><testcase classname="tests.test_visualization.TestSignalVisualization" name="test_tc_vis_001_waterfall_rendering" time="0.019" /><testcase classname="tests.test_visualization.TestSignalVisualization" name="test_tc_vis_002_fft_spectral_accuracy" time="0.006" /><testcase classname="tests.test_visualization.TestSignalVisualization" name="test_tc_vis_003_dynamic_range_colormap" time="0.140" /><testcase classname="tests.test_visualization.TestSignalVisualization" name="test_tc_vis_004_iq_constellation_qpsk" time="0.050" /><testcase classname="tests.test_visualization.TestSignalVisualization" name="test_tc_vis_005_iq_constellation_16qam" time="0.029" /><testcase classname="tests.test_visualization.TestSignalVisualization" name="test_tc_vis_006_psd_welch" time="0.006" /><testcase classname="tests.test_visualization.TestSignalVisualization" name="test_tc_vis_007_spectrogram_high_time_resolution" time="0.006" /><testcase classname="tests.test_visualization.TestSignalVisualization" name="test_tc_vis_008_phase_trajectory_plot" time="0.002" /><testcase classname="tests.test_visualization.TestSignalVisualization" name="test_tc_vis_009_zoom_pan_viewport" time="0.004" /><testcase classname="tests.test_visualization.TestSignalVisualization" name="test_tc_vis_010_export_plots_png_pdf" time="2.466" /><testcase classname="tests.test_demodulator.TestDemodulator" name="test_tc_dem_001_demod_bpsk" time="0.003" /><testcase classname="tests.test_demodulator.TestDemodulator" name="test_tc_dem_002_demod_qpsk" time="0.001" /><testcase classname="tests.test_demodulator.TestDemodulator" name="test_tc_dem_003_demod_8psk" time="0.004" /><testcase classname="tests.test_demodulator.TestDemodulator" name="test_tc_dem_004_demod_16qam" time="0.001" /><testcase classname="tests.test_demodulator.TestDemodulator" name="test_tc_dem_005_demod_64qam" time="0.001" /><testcase classname="tests.test_demodulator.TestDemodulator" name="test_tc_dem_006_demod_2fsk" time="0.009" /><testcase classname="tests.test_demodulator.TestDemodulator" name="test_tc_dem_007_costas_loop_sync" time="0.016" /><testcase classname="tests.test_demodulator.TestDemodulator" name="test_tc_dem_008_gardner_timing_recovery" time="0.003" /><testcase classname="tests.test_demodulator.TestDemodulator" name="test_tc_dem_009_channel_noise_resilience" time="0.006" /><testcase classname="tests.test_demodulator.TestDemodulator" name="test_tc_dem_010_constellation_evm" time="0.001" /><testcase classname="tests.test_demodulator.TestDemodulator" name="test_tc_dem_011_frequency_offset_tolerance" time="0.003" /><testcase classname="tests.test_demodulator.TestDemodulator" name="test_tc_dem_012_high_throughput" time="0.002" /><testcase classname="tests.test_interleaver.TestInterleaver" name="test_tc_int_001_block_deinterleaving" time="0.002" /><testcase classname="tests.test_interleaver.TestInterleaver" name="test_tc_int_002_convolutional_deinterleaving" time="0.002" /><testcase classname="tests.test_interleaver.TestInterleaver" name="test_tc_int_003_diagonal_deinterleaving" time="0.001" /><testcase classname="tests.test_interleaver.TestInterleaver" name="test_tc_int_004_pseudorandom_lfsr_deinterleaving" time="0.004" /><testcase classname="tests.test_interleaver.TestInterleaver" name="test_tc_int_005_inversion_roundtrip" time="0.001" /><testcase classname="tests.test_interleaver.TestInterleaver" name="test_tc_int_006_incomplete_block_padding" time="0.001" /><testcase classname="tests.test_interleaver.TestInterleaver" name="test_tc_int_007_processing_throughput" time="0.002" /><testcase classname="tests.test_fec.TestFECDecoding" name="test_tc_fec_001_viterbi_clean_data" time="0.008" /><testcase classname="tests.test_fec.TestFECDecoding" name="test_tc_fec_002_viterbi_error_correction" time="0.007" /><testcase classname="tests.test_fec.TestFECDecoding" name="test_tc_fec_003_viterbi_soft_decision" time="0.010" /><testcase classname="tests.test_fec.TestFECDecoding" name="test_tc_fec_004_reed_solomon_decoding" time="0.002" /><testcase classname="tests.test_fec.TestFECDecoding" name="test_tc_fec_005_reed_solomon_uncorrectable" time="0.001" /><testcase classname="tests.test_fec.TestFECDecoding" name="test_tc_fec_006_rs_clean_codeword" time="0.001" /><testcase classname="tests.test_fec.TestFECDecoding" name="test_tc_fec_007_concatenated_coding" time="0.011" /><testcase classname="tests.test_fec.TestFECDecoding" name="test_tc_fec_008_configurable_constraint_length" time="0.003" /><testcase classname="tests.test_fec.TestFECDecoding" name="test_tc_fec_009_traceback_depth" time="0.010" /><testcase classname="tests.test_fec.TestFECDecoding" name="test_tc_fec_010_decoder_throughput" time="0.023" /><testcase classname="tests.test_correlation.TestBitstreamCorrelation" name="test_tc_cor_001_frame_sync_exact" time="0.004" /><testcase classname="tests.test_correlation.TestBitstreamCorrelation" name="test_tc_cor_002_sync_with_bit_errors" time="0.001" /><testcase classname="tests.test_correlation.TestBitstreamCorrelation" name="test_tc_cor_003_header_field_dissection" time="0.002" /><testcase classname="tests.test_correlation.TestBitstreamCorrelation" name="test_tc_cor_004_crc16_verification" time="0.001" /><testcase classname="tests.test_correlation.TestBitstreamCorrelation" name="test_tc_cor_005_payload_export" time="0.053" /><testcase classname="tests.test_correlation.TestBitstreamCorrelation" name="test_tc_cor_006_false_sync_rejection" time="0.002" /><testcase classname="tests.test_correlation.TestBitstreamCorrelation" name="test_tc_cor_007_multi_frame_extraction" time="0.003" /><testcase classname="tests.test_correlation.TestBitstreamCorrelation" name="test_tc_cor_008_payload_size_inference" time="0.003" /><testcase classname="tests.test_correlation.TestBitstreamCorrelation" name="test_tc_cor_009_interleaved_payload_recovery" time="0.002" /><testcase classname="tests.test_correlation.TestBitstreamCorrelation" name="test_tc_cor_010_partial_payload_recovery_on_fec_failure" time="0.002" /><testcase classname="tests.test_storage.TestStorageAndReporting" name="test_tc_store_001_result_persistence_json" time="0.046" /><testcase classname="tests.test_storage.TestStorageAndReporting" name="test_tc_store_002_result_traceability" time="0.022" /><testcase classname="tests.test_storage.TestStorageAndReporting" name="test_tc_store_003_report_generation_pdf" time="0.567" /><testcase classname="tests.test_storage.TestStorageAndReporting" name="test_tc_store_004_batch_export_mapping" time="0.014" /><testcase classname="tests.test_storage.TestStorageAndReporting" name="test_tc_store_005_result_versioning" time="0.007" /><testcase classname="tests.test_storage.TestStorageAndReporting" name="test_tc_store_006_checkpoint_saving" time="0.030" /><testcase classname="tests.test_storage.TestStorageAndReporting" name="test_tc_store_007_result_archive_compression" time="0.052" /><testcase classname="tests.test_storage.TestStorageAndReporting" name="test_tc_store_008_encryption_at_rest" time="0.403" /><testcase classname="tests.test_storage.TestStorageAndReporting" name="test_tc_store_009_metadata_embedding" time="0.007" /><testcase classname="tests.test_storage.TestStorageAndReporting" name="test_tc_store_010_long_term_reproducibility" time="0.015" /><testcase classname="tests.test_security.TestAirGapSecurity" name="test_tc_sec_001_zero_network_socket" time="0.004" /><testcase classname="tests.test_security.TestAirGapSecurity" name="test_tc_sec_002_temporary_file_cleanup" time="0.006" /><testcase classname="tests.test_security.TestAirGapSecurity" name="test_tc_sec_003_offline_standalone_execution" time="0.045" /><testcase classname="tests.test_security.TestAirGapSecurity" name="test_tc_sec_004_input_path_sanitization" time="0.005" /><testcase classname="tests.test_security.TestAirGapSecurity" name="test_tc_sec_005_config_file_validation" time="0.002" /><testcase classname="tests.test_security.TestAirGapSecurity" name="test_tc_sec_006_sensitive_data_in_logs" time="0.026" /><testcase classname="tests.test_security.TestAirGapSecurity" name="test_tc_sec_007_memory_isolation" time="0.001" /><testcase classname="tests.test_security.TestAirGapSecurity" name="test_tc_sec_008_signal_file_permissions" time="0.006" /></testsuite></testsuites>